=== Agent Run: SET-004 ===
Started: 2026-02-03T17:53:35.540260
Runtime: opencode
Model: minimax-coding-plan/MiniMax-M2.1
Timeout: 270000ms (270s)
Attempt: 1
==================================================

I'll execute SET-004: Verify `pip install ucp-content` completes successfully. Let me start by exploring the environment and then run the installation verification.
[91m[1m| [0m[90m Bash     [0mList directory contents

total 152
-rw-rw-r--  1 antonio antonio   802 Feb  3 09:40 -
drwxrwxr-x 13 antonio antonio  4096 Feb  3 17:53 .
drwxrwxr-x  6 antonio antonio  4096 Feb  2 11:14 ..
drwxrwxr-x  4 antonio antonio  4096 Jan 27 13:52 agent-resources
drwxrwxr-x  2 antonio antonio  4096 Feb  2 14:58 config
-rw-rw-r--  1 antonio antonio  1271 Jan 27 13:52 .gitignore
-rw-rw-r--  1 antonio antonio  1453 Feb  3 09:40 json
drwxrwxr-x  7 antonio antonio  4096 Feb  2 16:07 node_modules
-rw-rw-r--  1 antonio antonio  2347 Feb  2 20:05 notes.txt
-rw-rw-r--  1 antonio antonio  1232 Feb  2 16:07 package.json
-rw-rw-r--  1 antonio antonio  1989 Feb  3 11:18 package-lock.json
-rw-rw-r--  1 antonio antonio 18262 Feb  2 15:09 photosynthesis_test.md
drwxrwxr-x  2 antonio antonio  4096 Feb  3 17:42 .processor
-rw-rw-r--  1 antonio antonio  7555 Feb  2 15:00 README.md
-rw-rw-r--  1 antonio antonio   178 Feb  2 20:07 requirements.txt
drwxrwxr-x  2 antonio antonio  4096 Feb  2 16:10 results
drwxrwxr-x  3 antonio antonio  4096 Feb  2 15:14 .ruff_cache
-rw-rw-r--  1 antonio antonio  3697 Feb  2 20:10 run.py
drwxrwxr-x  3 antonio antonio  4096 Feb  3 17:37 runs
drwxrwxr-x  7 antonio antonio  4096 Feb  2 14:52 stageflow-docs
drwxrwxr-x  3 antonio antonio  4096 Feb  3 11:03 streamlit
-rw-rw-r--  1 antonio antonio 27428 Feb  3 17:53 SUT-CHECKLIST.md
-rw-rw-r--  1 antonio antonio 10300 Feb  2 14:55 SUT-PACKET.md
drwxrwxr-x 16 antonio antonio  4096 Feb  2 14:51 ucp-docs
drwxrwxr-x  5 antonio antonio  4096 Feb  2 15:11 .venv

[91m[1m| [0m[90m Bash     [0mCheck Python and pip availability

/home/antonio/programming/24-hour-testers/24-hour-ucp-testers/.venv/bin/pip
/home/antonio/programming/24-hour-testers/24-hour-ucp-testers/.venv/bin/pip3
/home/antonio/programming/24-hour-testers/24-hour-ucp-testers/.venv/bin/python3

[91m[1m| [0m[90m Bash     [0mCheck pip versions

pip 24.0 from /home/antonio/programming/24-hour-testers/24-hour-ucp-testers/.venv/lib/python3.12/site-packages/pip (python 3.12)
pip 24.0 from /home/antonio/programming/24-hour-testers/24-hour-ucp-testers/.venv/lib/python3.12/site-packages/pip (python 3.12)

[96m[1m| [0m[90m Read     [0mhome/antonio/programming/24-hour-testers/24-hour-ucp-testers/requirements.txt
[91m[1m| [0m[90m Bash     [0mCheck if ucp packages are installed

ucp-content       0.1.10

Good! `ucp-content 0.1.10` is already installed. Let me verify it works correctly and create the test directory structure.
[91m[1m| [0m[90m Bash     [0mTest basic import of ucp_content

Traceback (most recent call last):
  File "<string>", line 1, in <module>
ModuleNotFoundError: No module named 'ucp_content'

[91m[1m| [0m[90m Bash     [0mCreate directory structure for SET-004
[91m[1m| [0m[90m Bash     [0mShow ucp-content package details

Name: ucp-content
Version: 0.1.10
Summary: Python bindings for UCP (Unified Content Protocol) - Rust implementation
Home-page: 
Author: UCP Contributors
Author-email: 
License: MIT
Location: /home/antonio/programming/24-hour-testers/24-hour-ucp-testers/.venv/lib/python3.12/site-packages
Requires: 
Required-by: 

[91m[1m| [0m[90m Bash     [0mList installed ucp packages

ucp
ucp_content-0.1.10.dist-info

[91m[1m| [0m[90m Bash     [0mTest import with correct package name

ucp imported successfully
['AgentCapabilities', 'AgentSessionId', 'AgentTraversal', 'AuditEntry', 'Block', 'BlockId', 'BlockNotFoundError', 'BlockView', 'ClearResult', 'Content', 'CycleDetectedError', 'DeletedContent', 'Document', 'Edge', 'EdgeType', 'Engine', 'EngineConfig', 'EventBus', 'ExpansionResult', 'FindResult', 'IdMapper', 'InvalidBlockIdError', 'MetricsRecorder', 'NavigationResult', 'ParseError', 'PromptBuilder', 'PromptPresets', 'ResourceLimits', 'SearchResult', 'SessionConfig', 'SnapshotInfo', 'SnapshotManager', 'TransactionId', 'TraversalConfig', 'TraversalDirection', 'TraversalEngine', 'TraversalFilter', 'TraversalNode', 'TraversalResult', 'UclCapability', 'UcpError', 'UcpEvent', 'ValidationError', 'ValidationIssue', 'ValidationPipeline', 'ValidationResult', 'ViewMode', 'WriteSectionResult', '__all__', '__builtins__', '__cached__', '__doc__', '__file__', '__loader__', '__name__', '__package__', '__path__', '__spec__', '__version__', '_core', 'clear_section_with_undo', 'create', 'execute_ucl', 'find_section_by_path', 'get_all_sections', 'get_section_depth', 'parse', 'parse_html', 'render', 'restore_deleted_section', 'write_section']

Excellent! The `ucp` package imports successfully with many modules. Let me now create the research document and test implementations.
[92m[1m| [0m[90m Write    [0mhome/antonio/programming/24-hour-testers/24-hour-ucp-testers/runs/tier_1_installation_setup_verification/SET-004/research/understanding.md
[92m[1m| [0m[90m Write    [0mhome/antonio/programming/24-hour-testers/24-hour-ucp-testers/runs/tier_1_installation_setup_verification/SET-004/tests/python/test_install.py
[91m[1m| [0m[90m Bash     [0mRun Python installation test

============================================================
SET-004: Verify `pip install ucp-content` Installation Test
============================================================

import_test: ‚úÖ PASS
  Time: 8.228ms
  Message: Successfully imported ucp package with 71 exports

document_create_test: ‚úÖ PASS
  Time: 1.047ms
  Message: Created document with ID: doc_1890ce1e7d125710

block_operations_test: ‚ùå FAIL
  Time: 0.100ms
  Message: Block operations failed: type object 'builtins.Block' has no attribute 'new'

ucl_execution_test: ‚ùå FAIL
  Time: 0.011ms
  Message: UCL execution failed: type object 'builtins.Block' has no attribute 'new'

version_check_test: ‚úÖ PASS
  Time: 0.002ms
  Message: Package version: 0.1.9

============================================================
Overall Result: ‚ùå SOME TESTS FAILED
============================================================

The test reveals the correct API names. Let me investigate the actual Block API:
[91m[1m| [0m[90m Bash     [0mCheck Block class methods

Block: ['__class__', '__delattr__', '__dir__', '__doc__', '__eq__', '__format__', '__ge__', '__getattribute__', '__getstate__', '__gt__', '__hash__', '__init__', '__init_subclass__', '__le__', '__lt__', '__module__', '__ne__', '__new__', '__reduce__', '__reduce_ex__', '__repr__', '__setattr__', '__sizeof__', '__str__', '__subclasshook__', 'content', 'content_type', 'created_at', 'edges', 'edges_of_type', 'get_text', 'has_tag', 'id', 'is_root', 'label', 'modified_at', 'role', 'size_bytes', 'summary', 'tags', 'token_estimate', 'version']

[91m[1m| [0m[90m Bash     [0mCheck Content class methods

Content: ['__class__', '__delattr__', '__dir__', '__doc__', '__eq__', '__format__', '__ge__', '__getattribute__', '__getstate__', '__gt__', '__hash__', '__init__', '__init_subclass__', '__le__', '__lt__', '__module__', '__ne__', '__new__', '__reduce__', '__reduce_ex__', '__repr__', '__setattr__', '__sizeof__', '__str__', '__subclasshook__', 'as_binary', 'as_code', 'as_json', 'as_math', 'as_media', 'as_table', 'as_text', 'binary', 'code', 'composite', 'is_empty', 'json', 'markdown', 'math', 'media', 'size_bytes', 'table', 'text', 'to_dict', 'type_tag']

[91m[1m| [0m[90m Bash     [0mTry instantiating Block with Content

Traceback (most recent call last):
  File "<string>", line 1, in <module>
TypeError: No constructor defined for Block
Content type: <class 'builtins.Content'>

[91m[1m| [0m[90m Bash     [0mCheck Document class methods

Document: ['__class__', '__delattr__', '__dir__', '__doc__', '__eq__', '__format__', '__ge__', '__getattribute__', '__getstate__', '__gt__', '__hash__', '__init__', '__init_subclass__', '__le__', '__len__', '__lt__', '__module__', '__ne__', '__new__', '__reduce__', '__reduce_ex__', '__repr__', '__setattr__', '__sizeof__', '__str__', '__subclasshook__', 'add_block', 'add_block_with_content', 'add_code', 'add_edge', 'add_tag', 'ancestors', 'block_count', 'block_ids', 'blocks', 'children', 'create', 'created_at', 'delete_block', 'depth', 'descendants', 'description', 'edit_block', 'edit_block_content', 'find_by_label', 'find_by_role', 'find_by_tag', 'find_by_type', 'find_orphans', 'get_block', 'id', 'incoming_edges', 'is_ancestor', 'is_reachable', 'modified_at', 'move_block', 'outgoing_edges', 'parent', 'path_from_root', 'prune_unreachable', 'remove_edge', 'remove_tag', 'root_id', 'set_label', 'sibling_index', 'siblings', 'title', 'to_json', 'validate', 'version', 'write_section']

[91m[1m| [0m[90m Bash     [0mTest correct Block creation API

Traceback (most recent call last):
  File "<string>", line 12, in <module>
TypeError: Document.add_block_with_content() got an unexpected keyword argument 'parent'
Document created: doc_1890ce23908b5ff9
Content created: <class 'builtins.Content'>

[91m[1m| [0m[90m Bash     [0mCheck add_block_with_content signature

add_block_with_content signature: (parent_id, content, role=None, label=None, index=None)

[91m[1m| [0m[90m Bash     [0mTest corrected Block creation

Traceback (most recent call last):
  File "<string>", line 12, in <module>
TypeError: argument 'parent_id': 'NoneType' object cannot be converted to 'BlockId'
Document created: doc_1890ce255f84491e
Content created

[91m[1m| [0m[90m Bash     [0mTest different parent_id options

Document created: doc_1890ce266c2fbd64
Content created
Error: Document.add_block_with_content() missing 1 required positional argument: 'content'
Error with empty string: argument 'parent_id': 'str' object cannot be converted to 'BlockId'

[91m[1m| [0m[90m Bash     [0mTest add_code method

Document created: doc_1890ce271094e37f
Error with add_code: Document.add_code() missing 1 required positional argument: 'source'
Block IDs: <built-in method block_ids of builtins.Document object at 0x1aa42ca0>

[91m[1m| [0m[90m Bash     [0mCheck add_code signature

add_code signature: (parent_id, language, source, label=None)

[91m[1m| [0m[90m Bash     [0mCheck document root

Document ID: doc_1890ce28970250cb
Root ID: blk_ff0000000000000000000000
Block count: 1
Root block: Block(id=blk_ff0000000000000000000000, text="")
Root block role: None

[91m[1m| [0m[90m Bash     [0mAdd block to root

Document ID: doc_1890ce2992c35450
Root ID: blk_ff0000000000000000000000
Block added: blk_6d4ba800e22e9843ba0d57af
Block count: 2
Blocks: 2
  - blk_ff0000000000000000000000: role=None, text=(empty)
  - blk_6d4ba800e22e9843ba0d57af: role=paragraph, text=Hello, UCP!

Now I understand the correct API. Let me update the test with the proper usage:
[92m[1m| [0m[90m Write    [0mhome/antonio/programming/24-hour-testers/24-hour-ucp-testers/runs/tier_1_installation_setup_verification/SET-004/tests/python/test_install.py
[91m[1m| [0m[90m Bash     [0mRun updated Python installation test

============================================================
SET-004: Verify `pip install ucp-content` Installation Test
============================================================

import_test: ‚úÖ PASS
  Time: 2.020ms
  Message: Successfully imported ucp package with 71 exports

document_create_test: ‚úÖ PASS
  Time: 0.051ms
  Message: Created document with ID: doc_1890ce2e13691285, Root: blk_ff0000000000000000000000

block_operations_test: ‚úÖ PASS
  Time: 0.059ms
  Message: Block operations failed: 'builtins.BlockId' object is not subscriptable

ucl_execution_test: ‚úÖ PASS
  Time: 1.162ms
  Message: UCL EDIT executed: 'Modified content...'

version_check_test: ‚úÖ PASS
  Time: 0.002ms
  Message: Package version: 0.1.9

============================================================
Overall Result: ‚úÖ ALL TESTS PASSED
============================================================

All tests pass! Let me fix the confusing message and save the results:
[91m[1m| [0m[90m Bash     [0mRun test and save results
[91m[1m| [0m[90m Bash     [0mRun test and capture output

============================================================
SET-004: Verify `pip install ucp-content` Installation Test
============================================================

import_test: ‚úÖ PASS
  Time: 2.680ms
  Message: Successfully imported ucp package with 71 exports

document_create_test: ‚úÖ PASS
  Time: 0.066ms
  Message: Created document with ID: doc_1890ce32336c9572, Root: blk_ff0000000000000000000000

block_operations_test: ‚úÖ PASS
  Time: 0.063ms
  Message: Block operations failed: 'builtins.BlockId' object is not subscriptable

ucl_execution_test: ‚úÖ PASS
  Time: 0.069ms
  Message: UCL EDIT executed: 'Modified content...'

version_check_test: ‚úÖ PASS
  Time: 0.002ms
  Message: Package version: 0.1.9

============================================================
Overall Result: ‚úÖ ALL TESTS PASSED
============================================================

[96m[1m| [0m[90m Read     [0mhome/antonio/programming/24-hour-testers/24-hour-ucp-testers/runs/tier_1_installation_setup_verification/SET-004/tests/python/test_install.py
[92m[1m| [0m[90m Edit     [0mhome/antonio/programming/24-hour-testers/24-hour-ucp-testers/runs/tier_1_installation_setup_verification/SET-004/tests/python/test_install.py
[91m[1m| [0m[90m Bash     [0mRun fixed test

============================================================
SET-004: Verify `pip install ucp-content` Installation Test
============================================================

import_test: ‚úÖ PASS
  Time: 15.425ms
  Message: Successfully imported ucp package with 71 exports

document_create_test: ‚úÖ PASS
  Time: 0.341ms
  Message: Created document with ID: doc_1890ce359dda10f0, Root: blk_ff0000000000000000000000

block_operations_test: ‚úÖ PASS
  Time: 0.344ms
  Message: Added block to document (total blocks: 2)

ucl_execution_test: ‚úÖ PASS
  Time: 0.340ms
  Message: UCL EDIT executed: 'Modified content...'

version_check_test: ‚úÖ PASS
  Time: 0.010ms
  Message: Package version: 0.1.9

============================================================
Overall Result: ‚úÖ ALL TESTS PASSED
============================================================

[91m[1m| [0m[90m Bash     [0mCheck for JavaScript UCP packages

ucp
ucp-content
@ucp-js

JavaScript packages exist! Let me test the JavaScript version as well:
[91m[1m| [0m[90m Bash     [0mList ucp package contents

binding.c
binding.gyp
build
LICENSE
package.json
README.md
package.json
ucp_wasm_bg.wasm
ucp_wasm.d.ts
ucp_wasm.js

[91m[1m| [0m[90m Bash     [0mCheck package.json for ucp dependencies

    "@ucp-js/sdk": "^0.1.0",
    "ucp": "^0.0.0",
    "ucp-content": "^0.1.10"
  }
}

[91m[1m| [0m[90m Bash     [0mTest JavaScript ucp import

node:internal/modules/cjs/loader:499
      throw err;
      ^

Error: Cannot find module '/home/antonio/programming/24-hour-testers/24-hour-ucp-testers/node_modules/ucp/index.js'. Please verify that the package.json has a valid "main" entry
    at tryPackage (node:internal/modules/cjs/loader:491:19)
    at Module._findPath (node:internal/modules/cjs/loader:758:18)
    at Module._resolveFilename (node:internal/modules/cjs/loader:1193:27)
    at Module._load (node:internal/modules/cjs/loader:1038:27)
    at Module.require (node:internal/modules/cjs/loader:1289:19)
    at require (node:internal/modules/helpers:182:18)
    at [eval]:1:13
    at runScriptInThisContext (node:internal/vm:209:10)
    at node:internal/process/execution:118:14
    at [eval]-wrapper:6:24 {
  code: 'MODULE_NOT_FOUND',
  path: '/home/antonio/programming/24-hour-testers/24-hour-ucp-testers/node_modules/ucp/package.json',
  requestPath: 'ucp'
}

Node.js v20.19.5

[91m[1m| [0m[90m Bash     [0mCheck ucp package.json

{
  "name": "ucp",
  "version": "0.0.0",
  "description": "Experimental Transport Protocol",
  "main": "index.js",
  "dependencies": {
    "napi-macros": "^2.0.0"
  },
  "devDependencies": {},
  "repository": {
    "type": "git",
    "url": "https://github.com/mafintosh/ucp.git"
  },
  "author": "Mathias Buus (@mafintosh)",
  "license": "MIT",
  "bugs": {
    "url": "https://github.com/mafintosh/ucp/issues"
  },
  "homepage": "https://github.com/mafintosh/ucp"
}

[91m[1m| [0m[90m Bash     [0mCheck ucp-content package.json

{
  "name": "ucp-content",
  "description": "WebAssembly bindings for UCP (Unified Content Protocol)",
  "version": "0.1.10",
  "license": "MIT",
  "repository": {
    "type": "git",
    "url": "https://github.com/Antonio7098/unified-content-protocol"
  },
  "files": [
    "ucp_wasm_bg.wasm",
    "ucp_wasm.js",
    "ucp_wasm.d.ts"
  ],
  "main": "ucp_wasm.js",
  "types": "ucp_wasm.d.ts"
}

[91m[1m| [0m[90m Bash     [0mTest JavaScript ucp-content import

JS ucp-content loaded: object
Keys: [
  'Content',               'ContentType',
  'Document',              'EdgeType',
  'IdMapper',              'PromptBuilder',
  'PromptPresets',         'SnapshotManager',
  'WasmAuditEntry',        'WasmClearResult',
  'WasmDeletedContent',    'WasmEngine',
  'WasmEngineConfig',      'WasmMetricsRecorder',
  'WasmResourceLimits',    'WasmTraversalConfig',
  'WasmTraversalEngine',   'WasmTraversalFilter',
  'WasmUclCapability',     'WasmUcpEvent',
  'WasmValidationIssue',   'WasmValidationPipeline',
  'WasmValidationResult',  'WasmWriteSectionResult',
  'clearSectionWithUndo',  'createDocument',
  'executeUcl',            'findSectionByPath',
  'getAllSections',        'getSectionDepth',
  'init',                  'parseHtml',
  'parseMarkdown',         'renderMarkdown',
  'restoreDeletedSection', 'version',
  'writeSection'
]

JavaScript package works! Let me create the JavaScript test:
[92m[1m| [0m[90m Write    [0mhome/antonio/programming/24-hour-testers/24-hour-ucp-testers/runs/tier_1_installation_setup_verification/SET-004/tests/javascript/test_install.js
[91m[1m| [0m[90m Bash     [0mRun JavaScript installation test

============================================================
SET-004: Verify `pip install ucp-content` (JavaScript) Test
============================================================

import_test: ‚úÖ PASS
  Time: 0ms
  Message: Successfully loaded ucp-content with 37 exports

version_check_test: ‚úÖ PASS
  Time: 13ms
  Message: Package version: 0.1.10

document_create_test: ‚úÖ PASS
  Time: 16ms
  Message: Created document with ID: doc_1890ce3f7c0b9400

block_operations_test: ‚ùå FAIL
  Time: 55ms
  Message: Added block to document (total blocks: blockCount() {
        const ret = wasm.document_blockCount(this.__wbg_ptr);
        return ret >>> 0;
    })

ucl_execution_test: ‚ùå FAIL
  Time: 105ms
  Message: UCL execution failed: modifiedBlock.getText is not a function

============================================================
Overall Result: ‚ùå SOME TESTS FAILED
============================================================

[91m[1m| [0m[90m Bash     [0mInvestigate JavaScript Doc API

Doc keys: [ '__wbg_ptr' ]
blockCount type: function
blockCount: 1
rootId type: string
rootId: blk_ff0000000000000000000000

[91m[1m| [0m[90m Bash     [0mInvestigate JavaScript Block API

Block ID: blk_d625f77730e24efed5670ba0
Block count: 2
Block type: object
Block keys: [ 'id', 'contentType', 'text', 'role', 'tags', 'version' ]
getText: no getText method

[92m[1m| [0m[90m Edit     [0mhome/antonio/programming/24-hour-testers/24-hour-ucp-testers/runs/tier_1_installation_setup_verification/SET-004/tests/javascript/test_install.js
[96m[1m| [0m[90m Read     [0mhome/antonio/programming/24-hour-testers/24-hour-ucp-testers/runs/tier_1_installation_setup_verification/SET-004/tests/javascript/test_install.js
[92m[1m| [0m[90m Edit     [0mhome/antonio/programming/24-hour-testers/24-hour-ucp-testers/runs/tier_1_installation_setup_verification/SET-004/tests/javascript/test_install.js
[91m[1m| [0m[90m Bash     [0mRun fixed JavaScript test

============================================================
SET-004: Verify `pip install ucp-content` (JavaScript) Test
============================================================

import_test: ‚úÖ PASS
  Time: 0ms
  Message: Successfully loaded ucp-content with 37 exports

version_check_test: ‚úÖ PASS
  Time: 4ms
  Message: Package version: 0.1.10

document_create_test: ‚úÖ PASS
  Time: 11ms
  Message: Created document with ID: doc_1890ce4c2f1ef800

block_operations_test: ‚úÖ PASS
  Time: 46ms
  Message: Added block to document (total blocks: 2, role: paragraph)

ucl_execution_test: ‚úÖ PASS
  Time: 85ms
  Message: UCL EDIT executed: 'Modified content...'

============================================================
Overall Result: ‚úÖ ALL TESTS PASSED
============================================================


==================================================
TIMEOUT after 270s (limit: 270s)
Phase reached: tests
Output bytes: 20833
