=== Agent Run: SET-008 ===
Started: 2026-02-03T18:12:59.008606
Runtime: opencode
Model: minimax-coding-plan/MiniMax-M2.1
Timeout: 270000ms (270s)
Attempt: 1
==================================================

[91m[1m| [0m[90m Bash     [0mList repository root contents

total 152
-rw-rw-r--  1 antonio antonio   802 Feb  3 09:40 -
drwxrwxr-x 13 antonio antonio  4096 Feb  3 18:12 .
drwxrwxr-x  6 antonio antonio  4096 Feb  2 11:14 ..
drwxrwxr-x  4 antonio antonio  4096 Jan 27 13:52 agent-resources
drwxrwxr-x  2 antonio antonio  4096 Feb  2 14:58 config
-rw-rw-r--  1 antonio antonio  1271 Jan 27 13:52 .gitignore
-rw-rw-r--  1 antonio antonio   832 Feb  3 18:04 json
drwxrwxr-x  7 antonio antonio  4096 Feb  2 16:07 node_modules
-rw-rw-r--  1 antonio antonio  2347 Feb  2 20:05 notes.txt
-rw-rw-r--  1 antonio antonio  1232 Feb  2 16:07 package.json
-rw-rw-r--  1 antonio antonio  1989 Feb  3 11:18 package-lock.json
-rw-rw-r--  1 antonio antonio 18262 Feb  2 15:09 photosynthesis_test.md
drwxrwxr-x  2 antonio antonio  4096 Feb  3 17:42 .processor
-rw-rw-r--  1 antonio antonio  7555 Feb  2 15:00 README.md
-rw-rw-r--  1 antonio antonio   178 Feb  2 20:07 requirements.txt
drwxrwxr-x  2 antonio antonio  4096 Feb  2 16:10 results
drwxrwxr-x  3 antonio antonio  4096 Feb  2 15:14 .ruff_cache
-rw-rw-r--  1 antonio antonio  3697 Feb  2 20:10 run.py
drwxrwxr-x  3 antonio antonio  4096 Feb  3 17:37 runs
drwxrwxr-x  7 antonio antonio  4096 Feb  2 14:52 stageflow-docs
drwxrwxr-x  3 antonio antonio  4096 Feb  3 11:03 streamlit
-rw-rw-r--  1 antonio antonio 27420 Feb  3 18:12 SUT-CHECKLIST.md
-rw-rw-r--  1 antonio antonio 10300 Feb  2 14:55 SUT-PACKET.md
drwxrwxr-x 16 antonio antonio  4096 Feb  2 14:51 ucp-docs
drwxrwxr-x  5 antonio antonio  4096 Feb  2 15:11 .venv

[91m[1m| [0m[90m Bash     [0mCheck SET-008 directory exists

total 36
drwxrwxr-x  9 antonio antonio 4096 Feb  3 18:12 .
drwxrwxr-x 10 antonio antonio 4096 Feb  3 18:12 ..
drwxrwxr-x  2 antonio antonio 4096 Feb  3 18:12 artifacts
drwxrwxr-x  2 antonio antonio 4096 Feb  3 18:12 config
drwxrwxr-x  2 antonio antonio 4096 Feb  3 18:12 dx_evaluation
drwxrwxr-x  2 antonio antonio 4096 Feb  3 18:12 mocks
drwxrwxr-x  2 antonio antonio 4096 Feb  3 18:12 research
drwxrwxr-x  2 antonio antonio 4096 Feb  3 18:12 results
drwxrwxr-x  2 antonio antonio 4096 Feb  3 18:12 tests

[94m[1m| [0m[90m Glob     [0mhome/antonio/programming/24-hour-testers/24-hour-ucp-testers
[96m[1m| [0m[90m Read     [0mhome/antonio/programming/24-hour-testers/24-hour-ucp-testers/ucp-docs/ucp-api/README.md
[91m[1m| [0m[90m Bash     [0mCheck tests directory structure

total 8
drwxrwxr-x 2 antonio antonio 4096 Feb  3 18:12 .
drwxrwxr-x 9 antonio antonio 4096 Feb  3 18:12 ..

[91m[1m| [0m[90m Bash     [0mSearch for ucp-api crate

ucl-parser = "0.1.10"                 # Parser for the Unified Content Language (UCL)
ucm-core = "0.1.10"                   # Core types and traits for the Unified Content Model
ucm-engine = "0.1.10"                 # Transformation engine for the Unified Content Model
ucp-agent = "0.1.10"                  # Agent graph traversal system for UCP knowledge graphs
ucp-llm = "0.1.10"                    # LLM-focused utilities for the Unified Content Protocol
ucp-observe = "0.1.10"                # Observability utilities for UCP
ucp-translator-html = "0.1.10"        # HTML to UCM document translator
ucp-translator-markdown = "0.1.10"    # Markdown translator for UCP

[91m[1m| [0m[90m Bash     [0mCheck Rust and Cargo installation

/home/antonio/.cargo/bin/rustc
rustc 1.93.0 (254b59607 2026-01-19)
/home/antonio/.cargo/bin/cargo
cargo 1.93.0 (083ac5135 2025-12-15)

[91m[1m| [0m[90m Bash     [0mCheck research directory

total 8
drwxrwxr-x 2 antonio antonio 4096 Feb  3 18:12 .
drwxrwxr-x 9 antonio antonio 4096 Feb  3 18:12 ..

[92m[1m| [0m[90m Write    [0mhome/antonio/programming/24-hour-testers/24-hour-ucp-testers/runs/tier_1_installation_setup_verification/SET-008/research/understanding.md
[91m[1m| [0m[90m Bash     [0mCreate test directories
[92m[1m| [0m[90m Write    [0mhome/antonio/programming/24-hour-testers/24-hour-ucp-testers/runs/tier_1_installation_setup_verification/SET-008/tests/rust/Cargo.toml
[92m[1m| [0m[90m Write    [0mhome/antonio/programming/24-hour-testers/24-hour-ucp-testers/runs/tier_1_installation_setup_verification/SET-008/tests/rust/src/main.rs
[92m[1m| [0m[90m Write    [0mhome/antonio/programming/24-hour-testers/24-hour-ucp-testers/runs/tier_1_installation_setup_verification/SET-008/tests/python/test_ucp_api.py
[92m[1m| [0m[90m Write    [0mhome/antonio/programming/24-hour-testers/24-hour-ucp-testers/runs/tier_1_installation_setup_verification/SET-008/tests/javascript/test_ucp_api.js
[91m[1m| [0m[90m Bash     [0mBuild Rust test to check ucp-api crate

    Updating crates.io index
error: no matching package named `ucp-api` found
location searched: crates.io index
required by package `ucp-api-test v0.1.0 (/home/antonio/programming/24-hour-testers/24-hour-ucp-testers/runs/tier_1_installation_setup_verification/SET-008/tests/rust)`

[91m[1m| [0m[90m Bash     [0mCheck for local cargo config

No .cargo directory

[91m[1m| [0m[90m Bash     [0mCheck root Cargo.toml

No Cargo.toml in root

[94m[1m| [0m[90m Grep     [0mucp-api|ucp_content
[91m[1m| [0m[90m Bash     [0mCheck for installed UCP packages

ucp-content       0.1.10

[91m[1m| [0m[90m Bash     [0mTest if ucp_content is importable

Traceback (most recent call last):
  File "<string>", line 1, in <module>
ModuleNotFoundError: No module named 'ucp_content'

[91m[1m| [0m[90m Bash     [0mCheck for UCP npm packages

ucp
ucp-content
@ucp-js

[91m[1m| [0m[90m Bash     [0mCheck ucp_content module attributes

Traceback (most recent call last):
  File "<string>", line 1, in <module>
ModuleNotFoundError: No module named 'ucp_content'

[91m[1m| [0m[90m Bash     [0mTry ucp.content import

Traceback (most recent call last):
  File "<string>", line 1, in <module>
ModuleNotFoundError: No module named 'ucp.content'

[91m[1m| [0m[90m Bash     [0mList UCP package files

drwxrwxr-x  3 antonio antonio   4096 Feb  2 21:13 ucp
drwxrwxr-x  2 antonio antonio   4096 Feb  2 21:13 ucp_content-0.1.10.dist-info

[91m[1m| [0m[90m Bash     [0mList ucp package contents

ls: cannot access '/home/antonio/programming/24-hour-testers/24-hour-ucp-testers/.venv/lib/python3.10/site-packages/ucp/': No such file or directory

[91m[1m| [0m[90m Bash     [0mTest ucp.content import

Traceback (most recent call last):
  File "<string>", line 1, in <module>
ModuleNotFoundError: No module named 'ucp.content'

[91m[1m| [0m[90m Bash     [0mList Python versions in venv

python3.12

[91m[1m| [0m[90m Bash     [0mCheck ucp module

Python 3.12.3
['AgentCapabilities', 'AgentSessionId', 'AgentTraversal', 'AuditEntry', 'Block', 'BlockId', 'BlockNotFoundError', 'BlockView', 'ClearResult', 'Content', 'CycleDetectedError', 'DeletedContent', 'Document', 'Edge', 'EdgeType', 'Engine', 'EngineConfig', 'EventBus', 'ExpansionResult', 'FindResult', 'IdMapper', 'InvalidBlockIdError', 'MetricsRecorder', 'NavigationResult', 'ParseError', 'PromptBuilder', 'PromptPresets', 'ResourceLimits', 'SearchResult', 'SessionConfig', 'SnapshotInfo', 'SnapshotManager', 'TransactionId', 'TraversalConfig', 'TraversalDirection', 'TraversalEngine', 'TraversalFilter', 'TraversalNode', 'TraversalResult', 'UclCapability', 'UcpError', 'UcpEvent', 'ValidationError', 'ValidationIssue', 'ValidationPipeline', 'ValidationResult', 'ViewMode', 'WriteSectionResult', '__all__', '__builtins__', '__cached__', '__doc__', '__file__', '__loader__', '__name__', '__package__', '__path__', '__spec__', '__version__', '_core', 'clear_section_with_undo', 'create', 'execute_ucl', 'find_section_by_path', 'get_all_sections', 'get_section_depth', 'parse', 'parse_html', 'render', 'restore_deleted_section', 'write_section']

[92m[1m| [0m[90m Edit     [0mhome/antonio/programming/24-hour-testers/24-hour-ucp-testers/runs/tier_1_installation_setup_verification/SET-008/tests/python/test_ucp_api.py
[91m[1m| [0m[90m Bash     [0mCheck JavaScript package structure

{
  "name": "ucp-content",
  "description": "WebAssembly bindings for UCP (Unified Content Protocol)",
  "version": "0.1.10",
  "license": "MIT",
  "repository": {
    "type": "git",
    "url": "https://github.com/Antonio7098/unified-content-protocol"
  },
  "files": [
    "ucp_wasm_bg.wasm",
    "ucp_wasm.js",
    "ucp_wasm.d.ts"
  ],
  "main": "ucp_wasm.js",
  "types": "ucp_wasm.d.ts"
}

[91m[1m| [0m[90m Bash     [0mCheck TypeScript definitions for JS SDK

/* tslint:disable */
/* eslint-disable */

/**
 * Content wrapper for WASM.
 */
export class Content {
    private constructor();
    free(): void;
    [Symbol.dispose](): void;
    /**
     * Get binary content if this is a binary block (returns object {mimeType, data}).
     */
    asBinary(): any;
    /**
     * Get code content if this is a code block (returns object {language, source}).
     */
    asCode(): any;
    /**
     * Get JSON content if this is a JSON block.
     */
    asJson(): any;
    /**
     * Get math content if this is a math block (returns object {expression, displayMode, format}).
     */
    asMath(): any;
    /**
     * Get media content if this is a media block (returns object {mediaType, url, altText}).
     */
    asMedia(): any;
    /**
     * Get table content if this is a table block (returns object {columns, rows}).
     */
    asTable(): any;
    /**
     * Get text content if this is a text block.
     */
    asText(): string | undefined;
    /**
     * Create binary content.
     */
    static binary(mime_type: string, data: Uint8Array, encoding?: string | null): Content;
    /**
     * Create code content.
     */
    static code(language: string, source: string): Content;
    /**
     * Create composite content (container for other blocks).
     */
    static composite(layout?: string | null, children?: string[] | null): Content;
    /**
     * Create JSON content.
     */
    static json(value: any): Content;
    /**
     * Create markdown text content.
     */
    static markdown(text: string): Content;
    /**
     * Create math content (LaTeX by default).
     */
    static math(expression: string, display_mode?: boolean | null, format?: string | null): Content;
    /**
     * Create media content (image, audio, video, document).
     */
    static media(media_type: string, url: string, alt_text?: string | null, width?: number | null, height?: number | null): Content;
    /**
     * Create table content from rows.
     */
    static table(rows: any): Content;
    /**
     * Create plain text content.
     */
    static text(text: string): Content;
    /**
     * Get the content type.
     */
    readonly contentType: ContentType;
    /**
     * Check if empty.
     */
    readonly isEmpty: boolean;
    /**
     * Get size in bytes.
     */
    readonly sizeBytes: number;
    /**
     * Get the type tag string.
     */
    readonly typeTag: string;
}

/**
 * Content type enumeration.
 */
export enum ContentType {
    Text = 0,
    Code = 1,
    Table = 2,
    Math = 3,

[91m[1m| [0m[90m Bash     [0mCheck JS SDK exports

/* @ts-self-types="./ucp_wasm.d.ts" */

/**
 * Content wrapper for WASM.
 */
class Content {
    static __wrap(ptr) {
        ptr = ptr >>> 0;
        const obj = Object.create(Content.prototype);
        obj.__wbg_ptr = ptr;
        ContentFinalization.register(obj, obj.__wbg_ptr, obj);
        return obj;
    }
    __destroy_into_raw() {
        const ptr = this.__wbg_ptr;
        this.__wbg_ptr = 0;
        ContentFinalization.unregister(this);
        return ptr;
    }
    free() {
        const ptr = this.__destroy_into_raw();
        wasm.__wbg_content_free(ptr, 0);
    }
    /**
     * Get binary content if this is a binary block (returns object {mimeType, data}).
     * @returns {any}
     */
    asBinary() {
        const ret = wasm.content_asBinary(this.__wbg_ptr);
        return ret;
    }
    /**
     * Get code content if this is a code block (returns object {language, source}).
     * @returns {any}
     */
    asCode() {
        const ret = wasm.content_asCode(this.__wbg_ptr);
        return ret;
    }
    /**
     * Get JSON content if this is a JSON block.
     * @returns {any}
     */
    asJson() {
        const ret = wasm.content_asJson(this.__wbg_ptr);
        return ret;
    }
    /**
     * Get math content if this is a math block (returns object {expression, displayMode, format}).
     * @returns {any}

[91m[1m| [0m[90m Bash     [0mCheck exported classes and functions

export class Content {
export class Document {
export class IdMapper {
export class PromptBuilder {
export class PromptPresets {
export class SnapshotManager {
export class WasmAuditEntry {
export class WasmClearResult {
export class WasmDeletedContent {
export class WasmEngine {
export class WasmEngineConfig {
export class WasmMetricsRecorder {
export class WasmResourceLimits {
export class WasmTraversalConfig {
export class WasmTraversalEngine {
export class WasmTraversalFilter {
export class WasmUcpEvent {
export class WasmValidationIssue {
export class WasmValidationPipeline {
export class WasmValidationResult {
export class WasmWriteSectionResult {
export function clearSectionWithUndo(doc: Document, section_id: string): WasmClearResult;
export function createDocument(title?: string | null): Document;
export function executeUcl(doc: Document, ucl: string): Array<any>;
export function findSectionByPath(doc: Document, path: string): string | undefined;
export function getAllSections(doc: Document): any;
export function getSectionDepth(doc: Document, section_id: string): number | undefined;
export function init(): void;
export function parseHtml(html: string): Document;
export function parseMarkdown(markdown: string): Document;
export function renderMarkdown(doc: Document): string;
export function restoreDeletedSection(doc: Document, deleted: WasmDeletedContent): Array<any>;
export function version(): string;
export function writeSection(doc: Document, section_id: string, markdown: string, base_heading_level?: number | null): WasmWriteSectionResult;

[91m[1m| [0m[90m Bash     [0mCheck Document class exports

export class Document {
    documentToPrompt(doc: Document): string;
    static fromDocument(doc: Document): IdMapper;
    create(name: string, doc: Document, description?: string | null): string;
    restore(name: string): Document;
    createSnapshot(name: string, doc: Document, description?: string | null): void;
    restoreSnapshot(name: string): Document;
    validate(doc: Document): WasmValidationResult;
    readonly maxDocumentSize: number;
    expand(doc: Document, node_id: string): any;
    findPaths(doc: Document, from_id: string, to_id: string, max_paths?: number | null): Array<any>;
    navigate(doc: Document, direction: string, start_id?: string | null, depth?: number | null, filter?: WasmTraversalFilter | null): any;
    pathToRoot(doc: Document, node_id: string): Array<any>;
    validate(doc: Document): WasmValidationResult;
export function clearSectionWithUndo(doc: Document, section_id: string): WasmClearResult;
export function createDocument(title?: string | null): Document;
export function executeUcl(doc: Document, ucl: string): Array<any>;
export function findSectionByPath(doc: Document, path: string): string | undefined;
export function getAllSections(doc: Document): any;
export function getSectionDepth(doc: Document, section_id: string): number | undefined;

[92m[1m| [0m[90m Write    [0mhome/antonio/programming/24-hour-testers/24-hour-ucp-testers/runs/tier_1_installation_setup_verification/SET-008/tests/javascript/test_ucp_api.js
[91m[1m| [0m[90m Bash     [0mRun Python test

=== SET-008: Python ucp-content SDK Test ===

[TEST 1] Creating document...
  Document ID: doc_1890cf4cb985c070
  Root block: blk_ff0000000000000000000000
  âœ“ Document created successfully

[TEST 2] Adding text content...
  Text block ID: blk_75736a21bbbc68af93a9b6e7
  âœ“ Text content added successfully

[TEST 3] Adding code block...
  Code block ID: blk_1a0f2371962b04695846fe2b
  âœ“ Code block added successfully

[TEST 4] Executing UCL command...
Traceback (most recent call last):
  File "/home/antonio/programming/24-hour-testers/24-hour-ucp-testers/runs/tier_1_installation_setup_verification/SET-008/tests/python/test_ucp_api.py", line 86, in <module>
    run_tests()
  File "/home/antonio/programming/24-hour-testers/24-hour-ucp-testers/runs/tier_1_installation_setup_verification/SET-008/tests/python/test_ucp_api.py", line 40, in run_tests
    affected = execute_ucl(
               ^^^^^^^^^^^^
_core.PyUcpError: Internal error: Parse error: Unexpected token at line 2: expected block ID, found Identifier

[91m[1m| [0m[90m Bash     [0mRun JavaScript test

=== SET-008: JavaScript ucp-content SDK Test ===

[TEST 1] Creating document...
  Document ID: doc_1890cf4ced29ab00
  Root block: blk_ff0000000000000000000000
  âœ“ Document created successfully

[TEST 2] Adding text content...
  Text block ID: blk_75736a21bbbc68af93a9b6e7
  âœ“ Text content added successfully

[TEST 3] Adding code block...
  Code block ID: blk_1a0f2371962b04695846fe2b
  âœ“ Code block added successfully

[TEST 4] Executing UCL command...

/home/antonio/programming/24-hour-testers/24-hour-ucp-testers/node_modules/ucp-content/ucp_wasm.js:2945
        throw takeFromExternrefTable0(ret[1]);
        ^
{
  code: 'E900',
  message: 'Internal error: Parse error: Unexpected token at line 2: expected block ID, found Identifier'
}

Node.js v20.19.5

[96m[1m| [0m[90m Read     [0mhome/antonio/programming/24-hour-testers/24-hour-ucp-testers/ucp-docs/ucl-parser/commands.md
[94m[1m| [0m[90m Grep     [0mAPPEND
[96m[1m| [0m[90m Read     [0mhome/antonio/programming/24-hour-testers/24-hour-ucp-testers/ucp-docs/ucl-parser/syntax.md
[92m[1m| [0m[90m Edit     [0mhome/antonio/programming/24-hour-testers/24-hour-ucp-testers/runs/tier_1_installation_setup_verification/SET-008/tests/python/test_ucp_api.py
[92m[1m| [0m[90m Edit     [0mhome/antonio/programming/24-hour-testers/24-hour-ucp-testers/runs/tier_1_installation_setup_verification/SET-008/tests/python/test_ucp_api.py
[92m[1m| [0m[90m Edit     [0mhome/antonio/programming/24-hour-testers/24-hour-ucp-testers/runs/tier_1_installation_setup_verification/SET-008/tests/javascript/test_ucp_api.js
[92m[1m| [0m[90m Edit     [0mhome/antonio/programming/24-hour-testers/24-hour-ucp-testers/runs/tier_1_installation_setup_verification/SET-008/tests/javascript/test_ucp_api.js
[92m[1m| [0m[90m Edit     [0mhome/antonio/programming/24-hour-testers/24-hour-ucp-testers/runs/tier_1_installation_setup_verification/SET-008/tests/rust/src/main.rs
[92m[1m| [0m[90m Edit     [0mhome/antonio/programming/24-hour-testers/24-hour-ucp-testers/runs/tier_1_installation_setup_verification/SET-008/tests/rust/src/main.rs
[91m[1m| [0m[90m Bash     [0mRun Python test with fixed UCL

=== SET-008: Python ucp-content SDK Test ===

[TEST 1] Creating document...
  Document ID: doc_1890cf5750fc6972
  Root block: blk_ff0000000000000000000000
  âœ“ Document created successfully

[TEST 2] Adding text content...
  Text block ID: blk_75736a21bbbc68af93a9b6e7
  âœ“ Text content added successfully

[TEST 3] Adding code block...
  Code block ID: blk_1a0f2371962b04695846fe2b
  âœ“ Code block added successfully

[TEST 4] Executing UCL command...
Traceback (most recent call last):
  File "/home/antonio/programming/24-hour-testers/24-hour-ucp-testers/runs/tier_1_installation_setup_verification/SET-008/tests/python/test_ucp_api.py", line 83, in <module>
    run_tests()
  File "/home/antonio/programming/24-hour-testers/24-hour-ucp-testers/runs/tier_1_installation_setup_verification/SET-008/tests/python/test_ucp_api.py", line 40, in run_tests
    affected = execute_ucl(
               ^^^^^^^^^^^^
_core.PyUcpError: Internal error: Parse error: Unexpected token at line 1: expected block ID, found Identifier

[91m[1m| [0m[90m Bash     [0mRun JavaScript test with fixed UCL

=== SET-008: JavaScript ucp-content SDK Test ===

[TEST 1] Creating document...
  Document ID: doc_1890cf577edb2380
  Root block: blk_ff0000000000000000000000
  âœ“ Document created successfully

[TEST 2] Adding text content...
  Text block ID: blk_75736a21bbbc68af93a9b6e7
  âœ“ Text content added successfully

[TEST 3] Adding code block...
  Code block ID: blk_1a0f2371962b04695846fe2b
  âœ“ Code block added successfully

[TEST 4] Executing UCL command...

/home/antonio/programming/24-hour-testers/24-hour-ucp-testers/node_modules/ucp-content/ucp_wasm.js:2945
        throw takeFromExternrefTable0(ret[1]);
        ^
{
  code: 'E900',
  message: 'Internal error: Parse error: Unexpected token at line 1: expected block ID, found Identifier'
}

Node.js v20.19.5

[91m[1m| [0m[90m Bash     [0mFind execute_ucl examples in docs

/home/antonio/programming/24-hour-testers/24-hour-ucp-testers/ucp-docs/ucm-engine/README.md:    ucp.execute_ucl(doc, f"APPEND {doc.root_id} text :: \"Hello, Engine!\"")
/home/antonio/programming/24-hour-testers/24-hour-ucp-testers/ucp-docs/ucm-engine/README.md-
/home/antonio/programming/24-hour-testers/24-hour-ucp-testers/ucp-docs/ucm-engine/README.md-    # Validate using the same engine instance
--
/home/antonio/programming/24-hour-testers/24-hour-ucp-testers/ucp-docs/ucm-engine/README.md:    ucp.executeUcl(doc, `APPEND ${doc.rootId} text :: "Hello"`);
/home/antonio/programming/24-hour-testers/24-hour-ucp-testers/ucp-docs/ucm-engine/README.md-
/home/antonio/programming/24-hour-testers/24-hour-ucp-testers/ucp-docs/ucm-engine/README.md-    const result = engine.validate(doc);
--
/home/antonio/programming/24-hour-testers/24-hour-ucp-testers/ucp-docs/ucm-engine/operations.md:    from ucp_content import execute_ucl
/home/antonio/programming/24-hour-testers/24-hour-ucp-testers/ucp-docs/ucm-engine/operations.md-    
/home/antonio/programming/24-hour-testers/24-hour-ucp-testers/ucp-docs/ucm-engine/operations.md:    execute_ucl(doc, """
/home/antonio/programming/24-hour-testers/24-hour-ucp-testers/ucp-docs/ucm-engine/operations.md-        APPEND root "New block"
/home/antonio/programming/24-hour-testers/24-hour-ucp-testers/ucp-docs/ucm-engine/operations.md-        EDIT blk_123 SET content.text = "Updated"
--
/home/antonio/programming/24-hour-testers/24-hour-ucp-testers/ucp-docs/ucm-engine/operations.md:    import { executeUcl } from 'ucp-content';
/home/antonio/programming/24-hour-testers/24-hour-ucp-testers/ucp-docs/ucm-engine/operations.md-    
/home/antonio/programming/24-hour-testers/24-hour-ucp-testers/ucp-docs/ucm-engine/operations.md:    executeUcl(doc, `
/home/antonio/programming/24-hour-testers/24-hour-ucp-testers/ucp-docs/ucm-engine/operations.md-        APPEND root "New block"
/home/antonio/programming/24-hour-testers/24-hour-ucp-testers/ucp-docs/ucm-engine/operations.md-        EDIT blk_123 SET content.text = "Updated"
--
/home/antonio/programming/24-hour-testers/24-hour-ucp-testers/ucp-docs/ucp-agent/examples.md:    let results = ucp_agent::execute_ucl(&traversal, &session, &ucl).await?;
/home/antonio/programming/24-hour-testers/24-hour-ucp-testers/ucp-docs/ucp-agent/examples.md-
/home/antonio/programming/24-hour-testers/24-hour-ucp-testers/ucp-docs/ucp-agent/examples.md-    for (i, result) in results.iter().enumerate() {
--
/home/antonio/programming/24-hour-testers/24-hour-ucp-testers/ucp-docs/ucp-agent/examples.md:    results = asyncio.run(traversal.execute_ucl(session, ucl))
/home/antonio/programming/24-hour-testers/24-hour-ucp-testers/ucp-docs/ucp-agent/examples.md-
/home/antonio/programming/24-hour-testers/24-hour-ucp-testers/ucp-docs/ucp-agent/examples.md-    for i, result in enumerate(results, 1):
--
/home/antonio/programming/24-hour-testers/24-hour-ucp-testers/ucp-docs/ucp-agent/examples.md:    const results = await traversal.executeUcl(session, ucl);
/home/antonio/programming/24-hour-testers/24-hour-ucp-testers/ucp-docs/ucp-agent/examples.md-
/home/antonio/programming/24-hour-testers/24-hour-ucp-testers/ucp-docs/ucp-agent/examples.md-    results.forEach((result, i) => {
--
/home/antonio/programming/24-hour-testers/24-hour-ucp-testers/ucp-docs/ucp-agent/ucl-commands.md:    let results = ucp_agent::execute_ucl(&traversal, &session, ucl).await?;
/home/antonio/programming/24-hour-testers/24-hour-ucp-testers/ucp-docs/ucp-agent/ucl-commands.md-    ```
/home/antonio/programming/24-hour-testers/24-hour-ucp-testers/ucp-docs/ucp-agent/ucl-commands.md-
--
/home/antonio/programming/24-hour-testers/24-hour-ucp-testers/ucp-docs/ucp-agent/ucl-commands.md:    results = asyncio.run(traversal.execute_ucl(session, ucl))
/home/antonio/programming/24-hour-testers/24-hour-ucp-testers/ucp-docs/ucp-agent/ucl-commands.md-    ```
/home/antonio/programming/24-hour-testers/24-hour-ucp-testers/ucp-docs/ucp-agent/ucl-commands.md-
--

[91m[1m| [0m[90m Bash     [0mTest simplest UCL command

Traceback (most recent call last):
  File "<string>", line 2, in <module>
ImportError: cannot import name 'createDocument' from 'ucp' (/home/antonio/programming/24-hour-testers/24-hour-ucp-testers/.venv/lib/python3.12/site-packages/ucp/__init__.py)

[91m[1m| [0m[90m Bash     [0mCheck Document.create method

<built-in method create of type object at 0x7ec7910>

[91m[1m| [0m[90m Bash     [0mTest UCL with root keyword

Testing UCL with root keyword...
Command failed: Internal error: Parse error: Unexpected token at line 1: expected block ID, found Identifier


==================================================
TIMEOUT after 270s (limit: 270s)
Phase reached: tests
Output bytes: 25497
