=== Agent Run: SET-007 ===
Started: 2026-02-03T18:06:29.129040
Runtime: opencode
Model: minimax-coding-plan/MiniMax-M2.1
Timeout: 270000ms (270s)
Attempt: 1
==================================================

I'll execute SET-007 to verify the JavaScript import works. Let me start by exploring the codebase structure and understanding the package setup.
[91m[1m| [0m[90m Bash     [0mList directory contents

total 152
-rw-rw-r--  1 antonio antonio   802 Feb  3 09:40 -
drwxrwxr-x 13 antonio antonio  4096 Feb  3 18:06 .
drwxrwxr-x  6 antonio antonio  4096 Feb  2 11:14 ..
drwxrwxr-x  4 antonio antonio  4096 Jan 27 13:52 agent-resources
drwxrwxr-x  2 antonio antonio  4096 Feb  2 14:58 config
-rw-rw-r--  1 antonio antonio  1271 Jan 27 13:52 .gitignore
-rw-rw-r--  1 antonio antonio   832 Feb  3 18:04 json
drwxrwxr-x  7 antonio antonio  4096 Feb  2 16:07 node_modules
-rw-rw-r--  1 antonio antonio  2347 Feb  2 20:05 notes.txt
-rw-rw-r--  1 antonio antonio  1232 Feb  2 16:07 package.json
-rw-rw-r--  1 antonio antonio  1989 Feb  3 11:18 package-lock.json
-rw-rw-r--  1 antonio antonio 18262 Feb  2 15:09 photosynthesis_test.md
drwxrwxr-x  2 antonio antonio  4096 Feb  3 17:42 .processor
-rw-rw-r--  1 antonio antonio  7555 Feb  2 15:00 README.md
-rw-rw-r--  1 antonio antonio   178 Feb  2 20:07 requirements.txt
drwxrwxr-x  2 antonio antonio  4096 Feb  2 16:10 results
drwxrwxr-x  3 antonio antonio  4096 Feb  2 15:14 .ruff_cache
-rw-rw-r--  1 antonio antonio  3697 Feb  2 20:10 run.py
drwxrwxr-x  3 antonio antonio  4096 Feb  3 17:37 runs
drwxrwxr-x  7 antonio antonio  4096 Feb  2 14:52 stageflow-docs
drwxrwxr-x  3 antonio antonio  4096 Feb  3 11:03 streamlit
-rw-rw-r--  1 antonio antonio 27422 Feb  3 18:06 SUT-CHECKLIST.md
-rw-rw-r--  1 antonio antonio 10300 Feb  2 14:55 SUT-PACKET.md
drwxrwxr-x 16 antonio antonio  4096 Feb  2 14:51 ucp-docs
drwxrwxr-x  5 antonio antonio  4096 Feb  2 15:11 .venv

[91m[1m| [0m[90m Bash     [0mFind package.json files

./config/run_config.json
./.venv/lib/python3.12/site-packages/24h_testers-0.3.0.dist-info/direct_url.json
./package.json
./runs/tier_1_installation_setup_verification/SET-004/results/test_results.json
./runs/tier_1_installation_setup_verification/SET-005/results/python_test_results.json
./runs/tier_1_installation_setup_verification/SET-002/tests/rust/test_ucp_version/target/release/.fingerprint/memchr-8522c4a99c6c00f0/lib-memchr.json
./runs/tier_1_installation_setup_verification/SET-002/tests/rust/test_ucp_version/target/release/.fingerprint/aho-corasick-0a17d4da1e89fc8b/lib-aho_corasick.json
./runs/tier_1_installation_setup_verification/SET-002/tests/rust/test_ucp_version/target/release/.fingerprint/regex-syntax-fb65ac57d7fd766c/lib-regex_syntax.json
./runs/tier_1_installation_setup_verification/SET-002/tests/rust/test_ucp_version/target/release/.fingerprint/regex-automata-c9a4cea67a06529a/lib-regex_automata.json
./runs/tier_1_installation_setup_verification/SET-002/tests/rust/test_ucp_version/target/release/.fingerprint/regex-f53a0b743ee9de51/lib-regex.json
./runs/tier_1_installation_setup_verification/SET-002/tests/rust/test_ucp_version/target/release/.fingerprint/test_ucp_version-e1e961557a9f4981/bin-test_ucp_version.json
./runs/tier_1_installation_setup_verification/SET-002/tests/rust/test_ucp_version/target/.rustc_info.json
./.processor/active-runs.json
./.processor/session-1770140232709.json
./.processor/session-1770140552531.json
./package-lock.json
./node_modules/.package-lock.json
./node_modules/napi-macros/package.json
./node_modules/zod/package.json
./node_modules/ucp-content/package.json

[94m[1m| [0m[90m Glob     [0mhome/antonio/programming/24-hour-testers/24-hour-ucp-testers
[96m[1m| [0m[90m Read     [0mhome/antonio/programming/24-hour-testers/24-hour-ucp-testers/package.json
[96m[1m| [0m[90m Read     [0mhome/antonio/programming/24-hour-testers/24-hour-ucp-testers/node_modules/ucp-content/package.json
[91m[1m| [0m[90m Bash     [0mCheck ucp-content dist directory

dist directory not found

[91m[1m| [0m[90m Bash     [0mList ucp-content directory

total 3188
drwxrwxr-x 2 antonio antonio    4096 Feb  2 15:24 .
drwxrwxr-x 7 antonio antonio    4096 Feb  2 16:07 ..
-rw-rw-r-- 1 antonio antonio     392 Feb  2 15:24 package.json
-rw-rw-r-- 1 antonio antonio 3093426 Feb  2 15:24 ucp_wasm_bg.wasm
-rw-rw-r-- 1 antonio antonio   24048 Feb  2 15:24 ucp_wasm.d.ts
-rw-rw-r-- 1 antonio antonio  123605 Feb  2 15:24 ucp_wasm.js

[91m[1m| [0m[90m Bash     [0mCheck @ucp-js package

total 12
drwxrwxr-x 3 antonio antonio 4096 Feb  2 15:21 .
drwxrwxr-x 7 antonio antonio 4096 Feb  2 16:07 ..
drwxrwxr-x 3 antonio antonio 4096 Feb  2 20:41 sdk

[91m[1m| [0m[90m Bash     [0mCheck ucp_wasm.js exports

/* @ts-self-types="./ucp_wasm.d.ts" */

/**
 * Content wrapper for WASM.
 */
class Content {
    static __wrap(ptr) {
        ptr = ptr >>> 0;
        const obj = Object.create(Content.prototype);
        obj.__wbg_ptr = ptr;
        ContentFinalization.register(obj, obj.__wbg_ptr, obj);
        return obj;
    }
    __destroy_into_raw() {
        const ptr = this.__wbg_ptr;
        this.__wbg_ptr = 0;
        ContentFinalization.unregister(this);
        return ptr;
    }
    free() {
        const ptr = this.__destroy_into_raw();
        wasm.__wbg_content_free(ptr, 0);
    }
    /**
     * Get binary content if this is a binary block (returns object {mimeType, data}).
     * @returns {any}
     */
    asBinary() {
        const ret = wasm.content_asBinary(this.__wbg_ptr);
        return ret;
    }
    /**
     * Get code content if this is a code block (returns object {language, source}).
     * @returns {any}
     */
    asCode() {
        const ret = wasm.content_asCode(this.__wbg_ptr);
        return ret;
    }
    /**
     * Get JSON content if this is a JSON block.
     * @returns {any}
     */
    asJson() {
        const ret = wasm.content_asJson(this.__wbg_ptr);
        return ret;
    }
    /**
     * Get math content if this is a math block (returns object {expression, displayMode, format}).
     * @returns {any}

[91m[1m| [0m[90m Bash     [0mList @ucp-js/sdk directory

total 80
drwxrwxr-x 3 antonio antonio  4096 Feb  2 20:41 .
drwxrwxr-x 3 antonio antonio  4096 Feb  2 15:21 ..
-rw-rw-r-- 1 antonio antonio 11357 Feb  2 15:21 LICENSE
drwxrwxr-x 9 antonio antonio  4096 Feb  2 20:45 node_modules
-rw-rw-r-- 1 antonio antonio  1134 Feb  2 20:41 package.json
-rw-rw-r-- 1 antonio antonio 48896 Feb  2 20:41 package-lock.json
-rw-rw-r-- 1 antonio antonio  2128 Feb  2 15:21 README.md

[96m[1m| [0m[90m Read     [0mhome/antonio/programming/24-hour-testers/24-hour-ucp-testers/node_modules/@ucp-js/sdk/package.json
[96m[1m| [0m[90m Read     [0mhome/antonio/programming/24-hour-testers/24-hour-ucp-testers/node_modules/ucp-content/ucp_wasm.d.ts
[91m[1m| [0m[90m Bash     [0mList @ucp-js/sdk dist

ls: cannot access '/home/antonio/programming/24-hour-testers/24-hour-ucp-testers/node_modules/@ucp-js/sdk/dist/': No such file or directory

[91m[1m| [0m[90m Bash     [0mFind ucp js files
[91m[1m| [0m[90m Bash     [0mList all ucp packages

drwxrwxr-x  4 antonio antonio 4096 Feb  2 16:07 ucp
drwxrwxr-x  2 antonio antonio 4096 Feb  2 15:24 ucp-content
drwxrwxr-x  3 antonio antonio 4096 Feb  2 15:21 @ucp-js

[91m[1m| [0m[90m Bash     [0mCheck for @ucp-core/core

24h-testers@1.0.0 /home/antonio/programming/24-hour-testers/24-hour-ucp-testers
â””â”€â”€ (empty)

@ucp-core/core not installed

[91m[1m| [0m[90m Bash     [0mList ucp directory

total 36
drwxrwxr-x 4 antonio antonio 4096 Feb  2 16:07 .
drwxrwxr-x 7 antonio antonio 4096 Feb  2 16:07 ..
-rw-rw-r-- 1 antonio antonio  245 Feb  2 16:07 binding.c
-rw-rw-r-- 1 antonio antonio  446 Feb  2 16:07 binding.gyp
drwxrwxr-x 3 antonio antonio 4096 Feb  2 16:07 build
drwxrwxr-x 3 antonio antonio 4096 Feb  2 16:07 .github
-rw-rw-r-- 1 antonio antonio 1079 Feb  2 16:07 LICENSE
-rw-rw-r-- 1 antonio antonio  467 Feb  2 16:07 package.json
-rw-rw-r-- 1 antonio antonio  128 Feb  2 16:07 README.md

[91m[1m| [0m[90m Bash     [0mCheck ucp package

{
  "name": "ucp",
  "version": "0.0.0",
  "description": "Experimental Transport Protocol",
  "main": "index.js",
  "dependencies": {
    "napi-macros": "^2.0.0"
  },
  "devDependencies": {},
  "repository": {
    "type": "git",
    "url": "https://github.com/mafintosh/ucp.git"
  },
  "author": "Mathias Buus (@mafintosh)",
  "license": "MIT",
  "bugs": {
    "url": "https://github.com/mafintosh/ucp/issues"
  },
  "homepage": "https://github.com/mafintosh/ucp"
}

[96m[1m| [0m[90m Read     [0mhome/antonio/programming/24-hour-testers/24-hour-ucp-testers/ucp-docs/ucp-js/README.md
Now I need to check if there's a local package or if we need to install it from npm:
[91m[1m| [0m[90m Bash     [0mInstall @ucp-core/core

npm notice Access token expired or revoked. Please try logging in again.
npm error code E404
npm error 404 Not Found - GET https://registry.npmjs.org/@ucp-core%2fcore - Not found
npm error 404
npm error 404  '@ucp-core/core@*' is not in this registry.
npm error 404
npm error 404 Note that you can also install from a
npm error 404 tarball, folder, http url, or git url.
npm error A complete log of this run can be found in: /home/antonio/.npm/_logs/2026-02-03T18_07_21_344Z-debug-0.log
npm install failed

[91m[1m| [0m[90m Bash     [0mFind packages with ucp-core
[91m[1m| [0m[90m Bash     [0mCheck for packages directory

no packages dir

[94m[1m| [0m[90m Grep     [0m@ucp-core
[91m[1m| [0m[90m Bash     [0mCheck @ucp-js dependencies

total 84
drwxrwxr-x 9 antonio antonio  4096 Feb  2 20:45 .
drwxrwxr-x 3 antonio antonio  4096 Feb  2 20:41 ..
drwxrwxr-x 2 antonio antonio  4096 Feb  2 20:45 .bin
drwxrwxr-x 2 antonio antonio  4096 Feb  2 20:45 @cspotcode
drwxrwxr-x 2 antonio antonio  4096 Feb  2 20:45 @glideapps
drwxrwxr-x 2 antonio antonio  4096 Feb  2 20:45 @jridgewell
drwxrwxr-x 2 antonio antonio  4096 Feb  2 20:45 @mark.probst
-rw-rw-r-- 1 antonio antonio 48637 Feb  2 20:41 .package-lock.json
drwxrwxr-x 2 antonio antonio  4096 Feb  2 20:45 @tsconfig
drwxrwxr-x 2 antonio antonio  4096 Feb  2 20:45 @types

[91m[1m| [0m[90m Bash     [0mRead @ucp-js SDK README

<!--
   Copyright 2026 UCP Authors

   Licensed under the Apache License, Version 2.0 (the "License");
   you may not use this file except in compliance with the License.
   You may obtain a copy of the License at

       http://www.apache.org/licenses/LICENSE-2.0

   Unless required by applicable law or agreed to in writing, software
   distributed under the License is distributed on an "AS IS" BASIS,
   WITHOUT WARRANTIES OR CONDITIONS OF ANY KIND, either express or implied.
   See the License for the specific language governing permissions and
   limitations under the License.
-->

<p align="center">
  <h1 align="center">UCP JavaScript SDK</h1>
</p>

<p align="center">
  <b>Official JavaScript library for the Universal Commerce Protocol (UCP).</b>
</p>

## Overview

This repository contains the JavaScript SDK for the
[Universal Commerce Protocol (UCP)](https://ucp.dev). It provides TypeScript
types and [Zod](https://zod.dev/) schemas for UCP models, making it easy to
build UCP-compliant applications in JavaScript and TypeScript.

## Installation

To install the SDK in your project, run:

```bash
npm install @ucp-js/sdk
```

## Development

### Prerequisites

This project uses `npm` for package management and `typescript` for building.

### Generating Models

The models are automatically generated from the JSON schemas in the [UCP
Specification](https://ucp.dev).

To regenerate the models, you first need a local copy of the [UCP specification](https://github.com/Universal-Commerce-Protocol/ucp). If you don't have one, you can clone it via:

```bash
git clone https://github.com/Universal-Commerce-Protocol/ucp.git
```

Then, run `npm run generate` pointing to the `spec` folder of the cloned
repository, e.g.:

```bash
npm run generate -- ucp/spec
```

### Building

To build the project for both CommonJS and ESM:

```bash
npm run build
```

## Contributing

We welcome community contributions. See our [Contribution Guide](https://github.com/Universal-Commerce-Protocol/ucp/blob/main/CONTRIBUTING.md) for details.

## License

UCP is an open-source project under the [Apache License 2.0](LICENSE).

Now I'll create the test directory structure and document the findings:
[91m[1m| [0m[90m Bash     [0mCreate test directory structure
[92m[1m| [0m[90m Write    [0mhome/antonio/programming/24-hour-testers/24-hour-ucp-testers/runs/tier_1_installation_setup_verification/SET-007/research/understanding.md
[92m[1m| [0m[90m Write    [0mhome/antonio/programming/24-hour-testers/24-hour-ucp-testers/runs/tier_1_installation_setup_verification/SET-007/tests/javascript/test_import.js
[91m[1m| [0m[90m Bash     [0mRun JavaScript import test


=== SET-007 JavaScript Import Test ===

Status: FAIL
Import Statement: import { Document } from '@ucp-core/core'

Findings:
  1. Package existence check: FAIL
     Evidence: npm install @ucp-core/core returned 404 Not Found
  2. Package require test: FAIL
     Evidence: Cannot find module '@ucp-core/core'
Require stack:
- /home/antonio/programming/24-hour-testers/24-hour-ucp-testers/runs/tier_1_installation_setup_verification/SET-007/tests/javascript/test_import.js
  3. Available alternatives: FAIL
     Evidence: Documented package missing, alternatives exist but are undocumented

Recommendation: Publish @ucp-core/core to npm or update documentation to reflect actual available packages

Results written to: /home/antonio/programming/24-hour-testers/24-hour-ucp-testers/runs/tier_1_installation_setup_verification/SET-007/results/js_test_results.json

[92m[1m| [0m[90m Write    [0mhome/antonio/programming/24-hour-testers/24-hour-ucp-testers/runs/tier_1_installation_setup_verification/SET-007/tests/javascript/test_alternatives.js
[91m[1m| [0m[90m Bash     [0mRun JS alternatives test


=== SET-007 JavaScript SDK Alternatives ===

1. Testing ucp-content (WASM bindings):
   âœ“ Package loaded successfully
   âœ“ Available exports: Content, ContentType, Document, EdgeType, IdMapper, PromptBuilder, PromptPresets, SnapshotManager, WasmAuditEntry, WasmClearResult, WasmDeletedContent, WasmEngine, WasmEngineConfig, WasmMetricsRecorder, WasmResourceLimits, WasmTraversalConfig, WasmTraversalEngine, WasmTraversalFilter, WasmUclCapability, WasmUcpEvent, WasmValidationIssue, WasmValidationPipeline, WasmValidationResult, WasmWriteSectionResult, clearSectionWithUndo, createDocument, executeUcl, findSectionByPath, getAllSections, getSectionDepth, init, parseHtml, parseMarkdown, renderMarkdown, restoreDeletedSection, version, writeSection
   âœ“ Document class available
   âœ— Document.create() failed: ucpContent.Document.create is not a function

2. Testing @ucp-js/sdk (TypeScript types):
   âœ— Failed to load: Cannot find module '/home/antonio/programming/24-hour-testers/24-hour-ucp-testers/node_modules/@ucp-js/sdk/dist/cjs/index.js'

=== Conclusion ===
Documented import: import { Document } from '@ucp-core/core'
Working alternative: const { Document } = require('ucp-content')
Recommendation: Update documentation to use ucp-content package

Results written to: /home/antonio/programming/24-hour-testers/24-hour-ucp-testers/runs/tier_1_installation_setup_verification/SET-007/results/js_alternatives_results.json

[91m[1m| [0m[90m Bash     [0mCheck ucp-content API

Document type: function
createDocument type: function
Document methods: [
  'length',      'name',
  'arguments',   'caller',
  'constructor', 'apply',
  'bind',        'call',
  'toString'
]

[91m[1m| [0m[90m Bash     [0mTest createDocument function

Document created: yes
Type: object
Keys: [ '__wbg_ptr' ]

[92m[1m| [0m[90m Write    [0mhome/antonio/programming/24-hour-testers/24-hour-ucp-testers/runs/tier_1_installation_setup_verification/SET-007/tests/javascript/test_correct_api.js
[91m[1m| [0m[90m Bash     [0mRun correct API test


=== SET-007 JavaScript Correct API Test ===

Test 1: createDocument()
   âœ“ Created successfully

Test 2: Document class
   âœ“ Document class: function

Test 3: Content class
   âœ“ Content class: function

Test 4: executeUcl()
   âœ“ executeUcl: function

=== Summary ===
Tests: 4/4 passed

Conclusion:
  Documented: import { Document } from '@ucp-core/core'
  Status: FAIL - Package does not exist in npm registry

  Actual: const { createDocument, Document, Content } = require('ucp-content')
  Status: PASS

Fix: Update documentation to use ucp-content package or publish @ucp-core/core

Results written to: /home/antonio/programming/24-hour-testers/24-hour-ucp-testers/runs/tier_1_installation_setup_verification/SET-007/results/js_correct_api_results.json

Now let me create the Python test:
[91m[1m| [0m[90m Bash     [0mCheck Python ucp-content

Name: ucp-content
Version: 0.1.10
Summary: Python bindings for UCP (Unified Content Protocol) - Rust implementation
Home-page: 
Author: UCP Contributors
Author-email: 
License: MIT
Location: /home/antonio/programming/24-hour-testers/24-hour-ucp-testers/.venv/lib/python3.12/site-packages
Requires: 
Required-by: 

[91m[1m| [0m[90m Bash     [0mCheck requirements.txt

# 24h-testers package from local development
-e ../24-hour-testers

# Runtime dependencies
stageflow-core>=0.1.0

# Development dependencies
pytest>=7.0.0
pytest-asyncio>=0.21.0

[92m[1m| [0m[90m Write    [0mhome/antonio/programming/24-hour-testers/24-hour-ucp-testers/runs/tier_1_installation_setup_verification/SET-007/tests/python/test_ucp_python.py
[92m[1m| [0m[90m Edit     [0mhome/antonio/programming/24-hour-testers/24-hour-ucp-testers/runs/tier_1_installation_setup_verification/SET-007/tests/python/test_ucp_python.py
[91m[1m| [0m[90m Bash     [0mRun Python test


=== SET-007 Python SDK Test ===

âœ— Import failed: No module named 'ucp_content'

=== Result: FAIL ===

Results written to: /home/antonio/programming/24-hour-testers/24-hour-ucp-testers/runs/tier_1_installation_setup_verification/SET-007/tests/python/../../results/python_test_results.json

[91m[1m| [0m[90m Bash     [0mCheck ucp-content module

Name: ucp-content
Version: 0.1.10
Summary: Python bindings for UCP (Unified Content Protocol) - Rust implementation
Home-page: 
Author: UCP Contributors
Author-email: 
License: MIT
Location: /home/antonio/programming/24-hour-testers/24-hour-ucp-testers/.venv/lib/python3.12/site-packages
Requires: 
Required-by: 
Traceback (most recent call last):
  File "<string>", line 1, in <module>
ModuleNotFoundError: No module named 'ucp_content'

[91m[1m| [0m[90m Bash     [0mList ucp packages in site-packages

drwxrwxr-x  3 antonio antonio   4096 Feb  2 21:13 ucp
drwxrwxr-x  2 antonio antonio   4096 Feb  2 21:13 ucp_content-0.1.10.dist-info

[91m[1m| [0m[90m Bash     [0mFind ucp files in site-packages
[91m[1m| [0m[90m Bash     [0mTest ucp module import

['AgentCapabilities', 'AgentSessionId', 'AgentTraversal', 'AuditEntry', 'Block', 'BlockId', 'BlockNotFoundError', 'BlockView', 'ClearResult', 'Content', 'CycleDetectedError', 'DeletedContent', 'Document', 'Edge', 'EdgeType', 'Engine', 'EngineConfig', 'EventBus', 'ExpansionResult', 'FindResult', 'IdMapper', 'InvalidBlockIdError', 'MetricsRecorder', 'NavigationResult', 'ParseError', 'PromptBuilder', 'PromptPresets', 'ResourceLimits', 'SearchResult', 'SessionConfig', 'SnapshotInfo', 'SnapshotManager', 'TransactionId', 'TraversalConfig', 'TraversalDirection', 'TraversalEngine', 'TraversalFilter', 'TraversalNode', 'TraversalResult', 'UclCapability', 'UcpError', 'UcpEvent', 'ValidationError', 'ValidationIssue', 'ValidationPipeline', 'ValidationResult', 'ViewMode', 'WriteSectionResult', '__all__', '__builtins__', '__cached__', '__doc__', '__file__', '__loader__', '__name__', '__package__', '__path__', '__spec__', '__version__', '_core', 'clear_section_with_undo', 'create', 'execute_ucl', 'find_section_by_path', 'get_all_sections', 'get_section_depth', 'parse', 'parse_html', 'render', 'restore_deleted_section', 'write_section']

[92m[1m| [0m[90m Edit     [0mhome/antonio/programming/24-hour-testers/24-hour-ucp-testers/runs/tier_1_installation_setup_verification/SET-007/tests/python/test_ucp_python.py
[91m[1m| [0m[90m Bash     [0mRun Python test


=== SET-007 Python SDK Test ===

âœ“ Package imported successfully
âœ“ Document class: <class 'builtins.Document'>
âœ“ Content class: <class 'builtins.Content'>
âœ“ execute_ucl function: <built-in function execute_ucl>

Test: Create document
âœ“ Document created: <class 'builtins.Document'>

Test: Add block
âœ— Content creation failed: No module named 'ucp_content'

=== Result: PASS ===
Python SDK (ucp-content) is working correctly

Results written to: /home/antonio/programming/24-hour-testers/24-hour-ucp-testers/runs/tier_1_installation_setup_verification/SET-007/tests/python/../../results/python_test_results.json

[91m[1m| [0m[90m Bash     [0mTest ContentType import

Traceback (most recent call last):
  File "<string>", line 1, in <module>
ImportError: cannot import name 'ContentType' from 'ucp' (/home/antonio/programming/24-hour-testers/24-hour-ucp-testers/.venv/lib/python3.12/site-packages/ucp/__init__.py)

[91m[1m| [0m[90m Bash     [0mTest Content.text

Content created: <class 'builtins.Content'>

[96m[1m| [0m[90m Read     [0mhome/antonio/programming/24-hour-testers/24-hour-ucp-testers/runs/tier_1_installation_setup_verification/SET-007/tests/python/test_ucp_python.py
[92m[1m| [0m[90m Edit     [0mhome/antonio/programming/24-hour-testers/24-hour-ucp-testers/runs/tier_1_installation_setup_verification/SET-007/tests/python/test_ucp_python.py
[92m[1m| [0m[90m Edit     [0mhome/antonio/programming/24-hour-testers/24-hour-ucp-testers/runs/tier_1_installation_setup_verification/SET-007/tests/python/test_ucp_python.py
[91m[1m| [0m[90m Bash     [0mRun Python test


=== SET-007 Python SDK Test ===

âœ“ Package imported successfully
âœ“ Document class: <class 'builtins.Document'>
âœ“ Content class: <class 'builtins.Content'>
âœ“ execute_ucl function: <built-in function execute_ucl>

Test: Create document
âœ“ Document created: <class 'builtins.Document'>

Test: Add block
âœ“ Text content created: Content.text("Hello from Python")

=== Result: PASS ===
Python SDK (ucp-content) is working correctly

Results written to: /home/antonio/programming/24-hour-testers/24-hour-ucp-testers/runs/tier_1_installation_setup_verification/SET-007/tests/python/../../results/python_test_results.json

Now let me create the Rust test:
[91m[1m| [0m[90m Bash     [0mCheck Rust availability

cargo 1.93.0 (083ac5135 2025-12-15)


==================================================
TIMEOUT after 270s (limit: 270s)
Phase reached: report
Output bytes: 22553
